<?xml version="1.0" encoding="UTF-8"?>
<testsuite xmlns:xsi="http://www.w3.org/2001/XMLSchema-instance" xsi:noNamespaceSchemaLocation="https://maven.apache.org/surefire/maven-surefire-plugin/xsd/surefire-test-report.xsd" name="com.example.AppTest" time="113.642" tests="10" errors="10" skipped="0" failures="0">
  <properties>
[...]
</properties>
  <testcase name="testTodayDealsPage" classname="com.example.AppTest" time="112.395">
    <error message="Could not start a new session. Response code 500. Message: session not created: Chrome failed to start: exited normally.&#10;  (session not created: DevToolsActivePort file doesn&apos;t exist)&#10;  (The process started from chrome location /home/gitpod/.cache/selenium/chrome/linux64/120.0.6099.71/chrome is no longer running, so ChromeDriver is assuming that Chrome has crashed.) &#10;Host info: host: &apos;gabrieljose-projecttest-bbhds38cwkn&apos;, ip: &apos;127.0.0.1&apos;&#10;Build info: version: &apos;4.16.1&apos;, revision: &apos;9b4c83354e&apos;&#10;System info: os.name: &apos;Linux&apos;, os.arch: &apos;amd64&apos;, os.version: &apos;6.1.57-060157-generic&apos;, java.version: &apos;11.0.21&apos;&#10;Driver info: org.openqa.selenium.chrome.ChromeDriver&#10;Command: [null, newSession {capabilities=[Capabilities {browserName: chrome, goog:chromeOptions: {args: [], binary: /home/gitpod/.cache/seleniu..., extensions: []}}]}]" type="org.openqa.selenium.SessionNotCreatedException">org.openqa.selenium.SessionNotCreatedException: 
Could not start a new session. Response code 500. Message: session not created: Chrome failed to start: exited normally.
  (session not created: DevToolsActivePort file doesn't exist)
  (The process started from chrome location /home/gitpod/.cache/selenium/chrome/linux64/120.0.6099.71/chrome is no longer running, so ChromeDriver is assuming that Chrome has crashed.) 
Host info: host: 'gabrieljose-projecttest-bbhds38cwkn', ip: '127.0.0.1'
Build info: version: '4.16.1', revision: '9b4c83354e'
System info: os.name: 'Linux', os.arch: 'amd64', os.version: '6.1.57-060157-generic', java.version: '11.0.21'
Driver info: org.openqa.selenium.chrome.ChromeDriver
Command: [null, newSession {capabilities=[Capabilities {browserName: chrome, goog:chromeOptions: {args: [], binary: /home/gitpod/.cache/seleniu..., extensions: []}}]}]
	at com.example.AppTest.setUp(AppTest.java:19)
</error>
  </testcase>
  <testcase name="testChangeLanguageToSpanish" classname="com.example.AppTest" time="0.184">
    <error message="Could not start a new session. Response code 500. Message: session not created: Chrome failed to start: exited normally.&#10;  (session not created: DevToolsActivePort file doesn&apos;t exist)&#10;  (The process started from chrome location /home/gitpod/.cache/selenium/chrome/linux64/120.0.6099.71/chrome is no longer running, so ChromeDriver is assuming that Chrome has crashed.) &#10;Host info: host: &apos;gabrieljose-projecttest-bbhds38cwkn&apos;, ip: &apos;127.0.0.1&apos;&#10;Build info: version: &apos;4.16.1&apos;, revision: &apos;9b4c83354e&apos;&#10;System info: os.name: &apos;Linux&apos;, os.arch: &apos;amd64&apos;, os.version: &apos;6.1.57-060157-generic&apos;, java.version: &apos;11.0.21&apos;&#10;Driver info: org.openqa.selenium.chrome.ChromeDriver&#10;Command: [null, newSession {capabilities=[Capabilities {browserName: chrome, goog:chromeOptions: {args: [], binary: /home/gitpod/.cache/seleniu..., extensions: []}}]}]" type="org.openqa.selenium.SessionNotCreatedException">org.openqa.selenium.SessionNotCreatedException: 
Could not start a new session. Response code 500. Message: session not created: Chrome failed to start: exited normally.
  (session not created: DevToolsActivePort file doesn't exist)
  (The process started from chrome location /home/gitpod/.cache/selenium/chrome/linux64/120.0.6099.71/chrome is no longer running, so ChromeDriver is assuming that Chrome has crashed.) 
Host info: host: 'gabrieljose-projecttest-bbhds38cwkn', ip: '127.0.0.1'
Build info: version: '4.16.1', revision: '9b4c83354e'
System info: os.name: 'Linux', os.arch: 'amd64', os.version: '6.1.57-060157-generic', java.version: '11.0.21'
Driver info: org.openqa.selenium.chrome.ChromeDriver
Command: [null, newSession {capabilities=[Capabilities {browserName: chrome, goog:chromeOptions: {args: [], binary: /home/gitpod/.cache/seleniu..., extensions: []}}]}]
	at com.example.AppTest.setUp(AppTest.java:19)
</error>
  </testcase>
  <testcase name="testSearchFunctionality" classname="com.example.AppTest" time="0.135">
    <error message="Could not start a new session. Response code 500. Message: session not created: Chrome failed to start: exited normally.&#10;  (session not created: DevToolsActivePort file doesn&apos;t exist)&#10;  (The process started from chrome location /home/gitpod/.cache/selenium/chrome/linux64/120.0.6099.71/chrome is no longer running, so ChromeDriver is assuming that Chrome has crashed.) &#10;Host info: host: &apos;gabrieljose-projecttest-bbhds38cwkn&apos;, ip: &apos;127.0.0.1&apos;&#10;Build info: version: &apos;4.16.1&apos;, revision: &apos;9b4c83354e&apos;&#10;System info: os.name: &apos;Linux&apos;, os.arch: &apos;amd64&apos;, os.version: &apos;6.1.57-060157-generic&apos;, java.version: &apos;11.0.21&apos;&#10;Driver info: org.openqa.selenium.chrome.ChromeDriver&#10;Command: [null, newSession {capabilities=[Capabilities {browserName: chrome, goog:chromeOptions: {args: [], binary: /home/gitpod/.cache/seleniu..., extensions: []}}]}]" type="org.openqa.selenium.SessionNotCreatedException">org.openqa.selenium.SessionNotCreatedException: 
Could not start a new session. Response code 500. Message: session not created: Chrome failed to start: exited normally.
  (session not created: DevToolsActivePort file doesn't exist)
  (The process started from chrome location /home/gitpod/.cache/selenium/chrome/linux64/120.0.6099.71/chrome is no longer running, so ChromeDriver is assuming that Chrome has crashed.) 
Host info: host: 'gabrieljose-projecttest-bbhds38cwkn', ip: '127.0.0.1'
Build info: version: '4.16.1', revision: '9b4c83354e'
System info: os.name: 'Linux', os.arch: 'amd64', os.version: '6.1.57-060157-generic', java.version: '11.0.21'
Driver info: org.openqa.selenium.chrome.ChromeDriver
Command: [null, newSession {capabilities=[Capabilities {browserName: chrome, goog:chromeOptions: {args: [], binary: /home/gitpod/.cache/seleniu..., extensions: []}}]}]
	at com.example.AppTest.setUp(AppTest.java:19)
</error>
  </testcase>
  <testcase name="testSortByPriceLowToHigh" classname="com.example.AppTest" time="0.131">
    <error message="Could not start a new session. Response code 500. Message: session not created: Chrome failed to start: exited normally.&#10;  (session not created: DevToolsActivePort file doesn&apos;t exist)&#10;  (The process started from chrome location /home/gitpod/.cache/selenium/chrome/linux64/120.0.6099.71/chrome is no longer running, so ChromeDriver is assuming that Chrome has crashed.) &#10;Host info: host: &apos;gabrieljose-projecttest-bbhds38cwkn&apos;, ip: &apos;127.0.0.1&apos;&#10;Build info: version: &apos;4.16.1&apos;, revision: &apos;9b4c83354e&apos;&#10;System info: os.name: &apos;Linux&apos;, os.arch: &apos;amd64&apos;, os.version: &apos;6.1.57-060157-generic&apos;, java.version: &apos;11.0.21&apos;&#10;Driver info: org.openqa.selenium.chrome.ChromeDriver&#10;Command: [null, newSession {capabilities=[Capabilities {browserName: chrome, goog:chromeOptions: {args: [], binary: /home/gitpod/.cache/seleniu..., extensions: []}}]}]" type="org.openqa.selenium.SessionNotCreatedException">org.openqa.selenium.SessionNotCreatedException: 
Could not start a new session. Response code 500. Message: session not created: Chrome failed to start: exited normally.
  (session not created: DevToolsActivePort file doesn't exist)
  (The process started from chrome location /home/gitpod/.cache/selenium/chrome/linux64/120.0.6099.71/chrome is no longer running, so ChromeDriver is assuming that Chrome has crashed.) 
Host info: host: 'gabrieljose-projecttest-bbhds38cwkn', ip: '127.0.0.1'
Build info: version: '4.16.1', revision: '9b4c83354e'
System info: os.name: 'Linux', os.arch: 'amd64', os.version: '6.1.57-060157-generic', java.version: '11.0.21'
Driver info: org.openqa.selenium.chrome.ChromeDriver
Command: [null, newSession {capabilities=[Capabilities {browserName: chrome, goog:chromeOptions: {args: [], binary: /home/gitpod/.cache/seleniu..., extensions: []}}]}]
	at com.example.AppTest.setUp(AppTest.java:19)
</error>
  </testcase>
  <testcase name="testCustomerServicePage" classname="com.example.AppTest" time="0.13">
    <error message="Could not start a new session. Response code 500. Message: session not created: Chrome failed to start: exited normally.&#10;  (session not created: DevToolsActivePort file doesn&apos;t exist)&#10;  (The process started from chrome location /home/gitpod/.cache/selenium/chrome/linux64/120.0.6099.71/chrome is no longer running, so ChromeDriver is assuming that Chrome has crashed.) &#10;Host info: host: &apos;gabrieljose-projecttest-bbhds38cwkn&apos;, ip: &apos;127.0.0.1&apos;&#10;Build info: version: &apos;4.16.1&apos;, revision: &apos;9b4c83354e&apos;&#10;System info: os.name: &apos;Linux&apos;, os.arch: &apos;amd64&apos;, os.version: &apos;6.1.57-060157-generic&apos;, java.version: &apos;11.0.21&apos;&#10;Driver info: org.openqa.selenium.chrome.ChromeDriver&#10;Command: [null, newSession {capabilities=[Capabilities {browserName: chrome, goog:chromeOptions: {args: [], binary: /home/gitpod/.cache/seleniu..., extensions: []}}]}]" type="org.openqa.selenium.SessionNotCreatedException">org.openqa.selenium.SessionNotCreatedException: 
Could not start a new session. Response code 500. Message: session not created: Chrome failed to start: exited normally.
  (session not created: DevToolsActivePort file doesn't exist)
  (The process started from chrome location /home/gitpod/.cache/selenium/chrome/linux64/120.0.6099.71/chrome is no longer running, so ChromeDriver is assuming that Chrome has crashed.) 
Host info: host: 'gabrieljose-projecttest-bbhds38cwkn', ip: '127.0.0.1'
Build info: version: '4.16.1', revision: '9b4c83354e'
System info: os.name: 'Linux', os.arch: 'amd64', os.version: '6.1.57-060157-generic', java.version: '11.0.21'
Driver info: org.openqa.selenium.chrome.ChromeDriver
Command: [null, newSession {capabilities=[Capabilities {browserName: chrome, goog:chromeOptions: {args: [], binary: /home/gitpod/.cache/seleniu..., extensions: []}}]}]
	at com.example.AppTest.setUp(AppTest.java:19)
</error>
  </testcase>
  <testcase name="testRemoveFromCart" classname="com.example.AppTest" time="0.13">
    <error message="Could not start a new session. Response code 500. Message: session not created: Chrome failed to start: exited normally.&#10;  (session not created: DevToolsActivePort file doesn&apos;t exist)&#10;  (The process started from chrome location /home/gitpod/.cache/selenium/chrome/linux64/120.0.6099.71/chrome is no longer running, so ChromeDriver is assuming that Chrome has crashed.) &#10;Host info: host: &apos;gabrieljose-projecttest-bbhds38cwkn&apos;, ip: &apos;127.0.0.1&apos;&#10;Build info: version: &apos;4.16.1&apos;, revision: &apos;9b4c83354e&apos;&#10;System info: os.name: &apos;Linux&apos;, os.arch: &apos;amd64&apos;, os.version: &apos;6.1.57-060157-generic&apos;, java.version: &apos;11.0.21&apos;&#10;Driver info: org.openqa.selenium.chrome.ChromeDriver&#10;Command: [null, newSession {capabilities=[Capabilities {browserName: chrome, goog:chromeOptions: {args: [], binary: /home/gitpod/.cache/seleniu..., extensions: []}}]}]" type="org.openqa.selenium.SessionNotCreatedException">org.openqa.selenium.SessionNotCreatedException: 
Could not start a new session. Response code 500. Message: session not created: Chrome failed to start: exited normally.
  (session not created: DevToolsActivePort file doesn't exist)
  (The process started from chrome location /home/gitpod/.cache/selenium/chrome/linux64/120.0.6099.71/chrome is no longer running, so ChromeDriver is assuming that Chrome has crashed.) 
Host info: host: 'gabrieljose-projecttest-bbhds38cwkn', ip: '127.0.0.1'
Build info: version: '4.16.1', revision: '9b4c83354e'
System info: os.name: 'Linux', os.arch: 'amd64', os.version: '6.1.57-060157-generic', java.version: '11.0.21'
Driver info: org.openqa.selenium.chrome.ChromeDriver
Command: [null, newSession {capabilities=[Capabilities {browserName: chrome, goog:chromeOptions: {args: [], binary: /home/gitpod/.cache/seleniu..., extensions: []}}]}]
	at com.example.AppTest.setUp(AppTest.java:19)
</error>
  </testcase>
  <testcase name="testAddToCart" classname="com.example.AppTest" time="0.137">
    <error message="Could not start a new session. Response code 500. Message: session not created: Chrome failed to start: exited normally.&#10;  (session not created: DevToolsActivePort file doesn&apos;t exist)&#10;  (The process started from chrome location /home/gitpod/.cache/selenium/chrome/linux64/120.0.6099.71/chrome is no longer running, so ChromeDriver is assuming that Chrome has crashed.) &#10;Host info: host: &apos;gabrieljose-projecttest-bbhds38cwkn&apos;, ip: &apos;127.0.0.1&apos;&#10;Build info: version: &apos;4.16.1&apos;, revision: &apos;9b4c83354e&apos;&#10;System info: os.name: &apos;Linux&apos;, os.arch: &apos;amd64&apos;, os.version: &apos;6.1.57-060157-generic&apos;, java.version: &apos;11.0.21&apos;&#10;Driver info: org.openqa.selenium.chrome.ChromeDriver&#10;Command: [null, newSession {capabilities=[Capabilities {browserName: chrome, goog:chromeOptions: {args: [], binary: /home/gitpod/.cache/seleniu..., extensions: []}}]}]" type="org.openqa.selenium.SessionNotCreatedException">org.openqa.selenium.SessionNotCreatedException: 
Could not start a new session. Response code 500. Message: session not created: Chrome failed to start: exited normally.
  (session not created: DevToolsActivePort file doesn't exist)
  (The process started from chrome location /home/gitpod/.cache/selenium/chrome/linux64/120.0.6099.71/chrome is no longer running, so ChromeDriver is assuming that Chrome has crashed.) 
Host info: host: 'gabrieljose-projecttest-bbhds38cwkn', ip: '127.0.0.1'
Build info: version: '4.16.1', revision: '9b4c83354e'
System info: os.name: 'Linux', os.arch: 'amd64', os.version: '6.1.57-060157-generic', java.version: '11.0.21'
Driver info: org.openqa.selenium.chrome.ChromeDriver
Command: [null, newSession {capabilities=[Capabilities {browserName: chrome, goog:chromeOptions: {args: [], binary: /home/gitpod/.cache/seleniu..., extensions: []}}]}]
	at com.example.AppTest.setUp(AppTest.java:19)
</error>
  </testcase>
  <testcase name="testFilterByPrime" classname="com.example.AppTest" time="0.132">
    <error message="Could not start a new session. Response code 500. Message: session not created: Chrome failed to start: exited normally.&#10;  (session not created: DevToolsActivePort file doesn&apos;t exist)&#10;  (The process started from chrome location /home/gitpod/.cache/selenium/chrome/linux64/120.0.6099.71/chrome is no longer running, so ChromeDriver is assuming that Chrome has crashed.) &#10;Host info: host: &apos;gabrieljose-projecttest-bbhds38cwkn&apos;, ip: &apos;127.0.0.1&apos;&#10;Build info: version: &apos;4.16.1&apos;, revision: &apos;9b4c83354e&apos;&#10;System info: os.name: &apos;Linux&apos;, os.arch: &apos;amd64&apos;, os.version: &apos;6.1.57-060157-generic&apos;, java.version: &apos;11.0.21&apos;&#10;Driver info: org.openqa.selenium.chrome.ChromeDriver&#10;Command: [null, newSession {capabilities=[Capabilities {browserName: chrome, goog:chromeOptions: {args: [], binary: /home/gitpod/.cache/seleniu..., extensions: []}}]}]" type="org.openqa.selenium.SessionNotCreatedException">org.openqa.selenium.SessionNotCreatedException: 
Could not start a new session. Response code 500. Message: session not created: Chrome failed to start: exited normally.
  (session not created: DevToolsActivePort file doesn't exist)
  (The process started from chrome location /home/gitpod/.cache/selenium/chrome/linux64/120.0.6099.71/chrome is no longer running, so ChromeDriver is assuming that Chrome has crashed.) 
Host info: host: 'gabrieljose-projecttest-bbhds38cwkn', ip: '127.0.0.1'
Build info: version: '4.16.1', revision: '9b4c83354e'
System info: os.name: 'Linux', os.arch: 'amd64', os.version: '6.1.57-060157-generic', java.version: '11.0.21'
Driver info: org.openqa.selenium.chrome.ChromeDriver
Command: [null, newSession {capabilities=[Capabilities {browserName: chrome, goog:chromeOptions: {args: [], binary: /home/gitpod/.cache/seleniu..., extensions: []}}]}]
	at com.example.AppTest.setUp(AppTest.java:19)
</error>
  </testcase>
  <testcase name="testProductReviewSection" classname="com.example.AppTest" time="0.136">
    <error message="Could not start a new session. Response code 500. Message: session not created: Chrome failed to start: exited normally.&#10;  (session not created: DevToolsActivePort file doesn&apos;t exist)&#10;  (The process started from chrome location /home/gitpod/.cache/selenium/chrome/linux64/120.0.6099.71/chrome is no longer running, so ChromeDriver is assuming that Chrome has crashed.) &#10;Host info: host: &apos;gabrieljose-projecttest-bbhds38cwkn&apos;, ip: &apos;127.0.0.1&apos;&#10;Build info: version: &apos;4.16.1&apos;, revision: &apos;9b4c83354e&apos;&#10;System info: os.name: &apos;Linux&apos;, os.arch: &apos;amd64&apos;, os.version: &apos;6.1.57-060157-generic&apos;, java.version: &apos;11.0.21&apos;&#10;Driver info: org.openqa.selenium.chrome.ChromeDriver&#10;Command: [null, newSession {capabilities=[Capabilities {browserName: chrome, goog:chromeOptions: {args: [], binary: /home/gitpod/.cache/seleniu..., extensions: []}}]}]" type="org.openqa.selenium.SessionNotCreatedException">org.openqa.selenium.SessionNotCreatedException: 
Could not start a new session. Response code 500. Message: session not created: Chrome failed to start: exited normally.
  (session not created: DevToolsActivePort file doesn't exist)
  (The process started from chrome location /home/gitpod/.cache/selenium/chrome/linux64/120.0.6099.71/chrome is no longer running, so ChromeDriver is assuming that Chrome has crashed.) 
Host info: host: 'gabrieljose-projecttest-bbhds38cwkn', ip: '127.0.0.1'
Build info: version: '4.16.1', revision: '9b4c83354e'
System info: os.name: 'Linux', os.arch: 'amd64', os.version: '6.1.57-060157-generic', java.version: '11.0.21'
Driver info: org.openqa.selenium.chrome.ChromeDriver
Command: [null, newSession {capabilities=[Capabilities {browserName: chrome, goog:chromeOptions: {args: [], binary: /home/gitpod/.cache/seleniu..., extensions: []}}]}]
	at com.example.AppTest.setUp(AppTest.java:19)
</error>
  </testcase>
  <testcase name="testNavigationToLoginPage" classname="com.example.AppTest" time="0.125">
    <error message="Could not start a new session. Response code 500. Message: session not created: Chrome failed to start: exited normally.&#10;  (session not created: DevToolsActivePort file doesn&apos;t exist)&#10;  (The process started from chrome location /home/gitpod/.cache/selenium/chrome/linux64/120.0.6099.71/chrome is no longer running, so ChromeDriver is assuming that Chrome has crashed.) &#10;Host info: host: &apos;gabrieljose-projecttest-bbhds38cwkn&apos;, ip: &apos;127.0.0.1&apos;&#10;Build info: version: &apos;4.16.1&apos;, revision: &apos;9b4c83354e&apos;&#10;System info: os.name: &apos;Linux&apos;, os.arch: &apos;amd64&apos;, os.version: &apos;6.1.57-060157-generic&apos;, java.version: &apos;11.0.21&apos;&#10;Driver info: org.openqa.selenium.chrome.ChromeDriver&#10;Command: [null, newSession {capabilities=[Capabilities {browserName: chrome, goog:chromeOptions: {args: [], binary: /home/gitpod/.cache/seleniu..., extensions: []}}]}]" type="org.openqa.selenium.SessionNotCreatedException">org.openqa.selenium.SessionNotCreatedException: 
Could not start a new session. Response code 500. Message: session not created: Chrome failed to start: exited normally.
  (session not created: DevToolsActivePort file doesn't exist)
  (The process started from chrome location /home/gitpod/.cache/selenium/chrome/linux64/120.0.6099.71/chrome is no longer running, so ChromeDriver is assuming that Chrome has crashed.) 
Host info: host: 'gabrieljose-projecttest-bbhds38cwkn', ip: '127.0.0.1'
Build info: version: '4.16.1', revision: '9b4c83354e'
System info: os.name: 'Linux', os.arch: 'amd64', os.version: '6.1.57-060157-generic', java.version: '11.0.21'
Driver info: org.openqa.selenium.chrome.ChromeDriver
Command: [null, newSession {capabilities=[Capabilities {browserName: chrome, goog:chromeOptions: {args: [], binary: /home/gitpod/.cache/seleniu..., extensions: []}}]}]
	at com.example.AppTest.setUp(AppTest.java:19)
</error>
  </testcase>
</testsuite>